# JRE version: Java(TM) SE Runtime Environment (8.0_231-b11) (build 1.8.0_231-b11)
# Java VM: Java HotSpot(TM) 64-Bit Server VM (25.231-b11 mixed mode windows-amd64 compressed oops)
Heap:
 PSYoungGen      total 228352K, used 50764K [0x00000000eab00000, 0x00000000fa000000, 0x0000000100000000)
  eden space 212480K, 16% used [0x00000000eab00000,0x00000000ecd18248,0x00000000f7a80000)
  from space 15872K, 99% used [0x00000000f7a80000,0x00000000f89faf98,0x00000000f8a00000)
  to   space 16384K, 0% used [0x00000000f8a00000,0x00000000f8a00000,0x00000000f9a00000)
 ParOldGen       total 110592K, used 54532K [0x00000000c0000000, 0x00000000c6c00000, 0x00000000eab00000)
  object space 110592K, 49% used [0x00000000c0000000,0x00000000c3541130,0x00000000c6c00000)
 Metaspace       used 80943K, capacity 83000K, committed 83352K, reserved 1122304K
  class space    used 10800K, capacity 11358K, committed 11416K, reserved 1048576K
GC Heap History (10 events):
Event: 11.980 GC heap before
{Heap before GC invocations=12 (full 2):
 PSYoungGen      total 124928K, used 114176K [0x00000000eab00000, 0x00000000f6480000, 0x0000000100000000)
  eden space 114176K, 100% used [0x00000000eab00000,0x00000000f1a80000,0x00000000f1a80000)
  from space 10752K, 0% used [0x00000000f1a80000,0x00000000f1a80000,0x00000000f2500000)
  to   space 11776K, 0% used [0x00000000f5900000,0x00000000f5900000,0x00000000f6480000)
 ParOldGen       total 71168K, used 17561K [0x00000000c0000000, 0x00000000c4580000, 0x00000000eab00000)
  object space 71168K, 24% used [0x00000000c0000000,0x00000000c1126558,0x00000000c4580000)
 Metaspace       used 43130K, capacity 44016K, committed 44464K, reserved 1087488K
  class space    used 5989K, capacity 6274K, committed 6320K, reserved 1048576K
Event: 12.000 GC heap after
Heap after GC invocations=12 (full 2):
 PSYoungGen      total 168960K, used 11756K [0x00000000eab00000, 0x00000000f6480000, 0x0000000100000000)
  eden space 157184K, 0% used [0x00000000eab00000,0x00000000eab00000,0x00000000f4480000)
  from space 11776K, 99% used [0x00000000f5900000,0x00000000f647b108,0x00000000f6480000)
  to   space 14848K, 0% used [0x00000000f4780000,0x00000000f4780000,0x00000000f5600000)
 ParOldGen       total 71168K, used 21992K [0x00000000c0000000, 0x00000000c4580000, 0x00000000eab00000)
  object space 71168K, 30% used [0x00000000c0000000,0x00000000c157a370,0x00000000c4580000)
 Metaspace       used 43130K, capacity 44016K, committed 44464K, reserved 1087488K
  class space    used 5989K, capacity 6274K, committed 6320K, reserved 1048576K
}
Event: 14.932 GC heap before
{Heap before GC invocations=13 (full 2):
 PSYoungGen      total 168960K, used 168940K [0x00000000eab00000, 0x00000000f6480000, 0x0000000100000000)
  eden space 157184K, 100% used [0x00000000eab00000,0x00000000f4480000,0x00000000f4480000)
  from space 11776K, 99% used [0x00000000f5900000,0x00000000f647b108,0x00000000f6480000)
  to   space 14848K, 0% used [0x00000000f4780000,0x00000000f4780000,0x00000000f5600000)
 ParOldGen       total 71168K, used 21992K [0x00000000c0000000, 0x00000000c4580000, 0x00000000eab00000)
  object space 71168K, 30% used [0x00000000c0000000,0x00000000c157a370,0x00000000c4580000)
 Metaspace       used 55022K, capacity 56322K, committed 56496K, reserved 1097728K
  class space    used 7618K, capacity 7995K, committed 8112K, reserved 1048576K
Event: 14.959 GC heap after
Heap after GC invocations=13 (full 2):
 PSYoungGen      total 175104K, used 14552K [0x00000000eab00000, 0x00000000f9a00000, 0x0000000100000000)
  eden space 160256K, 0% used [0x00000000eab00000,0x00000000eab00000,0x00000000f4780000)
  from space 14848K, 98% used [0x00000000f4780000,0x00000000f55b6198,0x00000000f5600000)
  to   space 16384K, 0% used [0x00000000f8a00000,0x00000000f8a00000,0x00000000f9a00000)
 ParOldGen       total 71168K, used 32152K [0x00000000c0000000, 0x00000000c4580000, 0x00000000eab00000)
  object space 71168K, 45% used [0x00000000c0000000,0x00000000c1f66158,0x00000000c4580000)
 Metaspace       used 55022K, capacity 56322K, committed 56496K, reserved 1097728K
  class space    used 7618K, capacity 7995K, committed 8112K, reserved 1048576K
}
Event: 15.968 GC heap before
{Heap before GC invocations=14 (full 2):
 PSYoungGen      total 175104K, used 98280K [0x00000000eab00000, 0x00000000f9a00000, 0x0000000100000000)
  eden space 160256K, 52% used [0x00000000eab00000,0x00000000efcc3f58,0x00000000f4780000)
  from space 14848K, 98% used [0x00000000f4780000,0x00000000f55b6198,0x00000000f5600000)
  to   space 16384K, 0% used [0x00000000f8a00000,0x00000000f8a00000,0x00000000f9a00000)
 ParOldGen       total 71168K, used 32152K [0x00000000c0000000, 0x00000000c4580000, 0x00000000eab00000)
  object space 71168K, 45% used [0x00000000c0000000,0x00000000c1f66158,0x00000000c4580000)
 Metaspace       used 57576K, capacity 59066K, committed 59160K, reserved 1099776K
  class space    used 7994K, capacity 8437K, committed 8472K, reserved 1048576K
Event: 16.008 GC heap after
Heap after GC invocations=14 (full 2):
 PSYoungGen      total 228864K, used 8611K [0x00000000eab00000, 0x00000000fa000000, 0x0000000100000000)
  eden space 212480K, 0% used [0x00000000eab00000,0x00000000eab00000,0x00000000f7a80000)
  from space 16384K, 52% used [0x00000000f8a00000,0x00000000f9268da0,0x00000000f9a00000)
  to   space 15872K, 0% used [0x00000000f7a80000,0x00000000f7a80000,0x00000000f8a00000)
 ParOldGen       total 71168K, used 37379K [0x00000000c0000000, 0x00000000c4580000, 0x00000000eab00000)
  object space 71168K, 52% used [0x00000000c0000000,0x00000000c2480d68,0x00000000c4580000)
 Metaspace       used 57576K, capacity 59066K, committed 59160K, reserved 1099776K
  class space    used 7994K, capacity 8437K, committed 8472K, reserved 1048576K
}
Event: 16.008 GC heap before
{Heap before GC invocations=15 (full 3):
 PSYoungGen      total 228864K, used 8611K [0x00000000eab00000, 0x00000000fa000000, 0x0000000100000000)
  eden space 212480K, 0% used [0x00000000eab00000,0x00000000eab00000,0x00000000f7a80000)
  from space 16384K, 52% used [0x00000000f8a00000,0x00000000f9268da0,0x00000000f9a00000)
  to   space 15872K, 0% used [0x00000000f7a80000,0x00000000f7a80000,0x00000000f8a00000)
 ParOldGen       total 71168K, used 37379K [0x00000000c0000000, 0x00000000c4580000, 0x00000000eab00000)
  object space 71168K, 52% used [0x00000000c0000000,0x00000000c2480d68,0x00000000c4580000)
 Metaspace       used 57576K, capacity 59066K, committed 59160K, reserved 1099776K
  class space    used 7994K, capacity 8437K, committed 8472K, reserved 1048576K
Event: 16.317 GC heap after
Heap after GC invocations=15 (full 3):
 PSYoungGen      total 228864K, used 0K [0x00000000eab00000, 0x00000000fa000000, 0x0000000100000000)
  eden space 212480K, 0% used [0x00000000eab00000,0x00000000eab00000,0x00000000f7a80000)
  from space 16384K, 0% used [0x00000000f8a00000,0x00000000f8a00000,0x00000000f9a00000)
  to   space 15872K, 0% used [0x00000000f7a80000,0x00000000f7a80000,0x00000000f8a00000)
 ParOldGen       total 110592K, used 38226K [0x00000000c0000000, 0x00000000c6c00000, 0x00000000eab00000)
  object space 110592K, 34% used [0x00000000c0000000,0x00000000c2554818,0x00000000c6c00000)
 Metaspace       used 57576K, capacity 59066K, committed 59160K, reserved 1099776K
  class space    used 7994K, capacity 8437K, committed 8472K, reserved 1048576K
}
Event: 21.582 GC heap before
{Heap before GC invocations=16 (full 3):
 PSYoungGen      total 228864K, used 212480K [0x00000000eab00000, 0x00000000fa000000, 0x0000000100000000)
  eden space 212480K, 100% used [0x00000000eab00000,0x00000000f7a80000,0x00000000f7a80000)
  from space 16384K, 0% used [0x00000000f8a00000,0x00000000f8a00000,0x00000000f9a00000)
  to   space 15872K, 0% used [0x00000000f7a80000,0x00000000f7a80000,0x00000000f8a00000)
 ParOldGen       total 110592K, used 38226K [0x00000000c0000000, 0x00000000c6c00000, 0x00000000eab00000)
  object space 110592K, 34% used [0x00000000c0000000,0x00000000c2554818,0x00000000c6c00000)
 Metaspace       used 79001K, capacity 80998K, committed 81432K, reserved 1120256K
  class space    used 10674K, capacity 11226K, committed 11288K, reserved 1048576K
Event: 21.669 GC heap after
Heap after GC invocations=16 (full 3):
 PSYoungGen      total 228352K, used 15851K [0x00000000eab00000, 0x00000000fa000000, 0x0000000100000000)
  eden space 212480K, 0% used [0x00000000eab00000,0x00000000eab00000,0x00000000f7a80000)
  from space 15872K, 99% used [0x00000000f7a80000,0x00000000f89faf98,0x00000000f8a00000)
  to   space 16384K, 0% used [0x00000000f8a00000,0x00000000f8a00000,0x00000000f9a00000)
 ParOldGen       total 110592K, used 54532K [0x00000000c0000000, 0x00000000c6c00000, 0x00000000eab00000)
  object space 110592K, 49% used [0x00000000c0000000,0x00000000c3541130,0x00000000c6c00000)
 Metaspace       used 79001K, capacity 80998K, committed 81432K, reserved 1120256K
  class space    used 10674K, capacity 11226K, committed 11288K, reserved 1048576K
}

