# JRE version: Java(TM) SE Runtime Environment (8.0_231-b11) (build 1.8.0_231-b11)
# Java VM: Java HotSpot(TM) 64-Bit Server VM (25.231-b11 mixed mode windows-amd64 compressed oops)
Heap:
 PSYoungGen      total 131072K, used 108895K [0x00000000eab00000, 0x00000000f7680000, 0x0000000100000000)
  eden space 120832K, 90% used [0x00000000eab00000,0x00000000f1557c18,0x00000000f2100000)
  from space 10240K, 0% used [0x00000000f2100000,0x00000000f2100000,0x00000000f2b00000)
  to   space 11776K, 0% used [0x00000000f6b00000,0x00000000f6b00000,0x00000000f7680000)
 ParOldGen       total 63488K, used 17605K [0x00000000c0000000, 0x00000000c3e00000, 0x00000000eab00000)
  object space 63488K, 27% used [0x00000000c0000000,0x00000000c11316e8,0x00000000c3e00000)
 Metaspace       used 42594K, capacity 43350K, committed 43696K, reserved 1087488K
  class space    used 5901K, capacity 6202K, committed 6320K, reserved 1048576K
GC Heap History (10 events):
Event: 3.730 GC heap before
{Heap before GC invocations=7 (full 1):
 PSYoungGen      total 74240K, used 5104K [0x00000000eab00000, 0x00000000efe00000, 0x0000000100000000)
  eden space 63488K, 0% used [0x00000000eab00000,0x00000000eab00000,0x00000000ee900000)
  from space 10752K, 47% used [0x00000000ef380000,0x00000000ef87c060,0x00000000efe00000)
  to   space 10752K, 0% used [0x00000000ee900000,0x00000000ee900000,0x00000000ef380000)
 ParOldGen       total 84992K, used 9169K [0x00000000c0000000, 0x00000000c5300000, 0x00000000eab00000)
  object space 84992K, 10% used [0x00000000c0000000,0x00000000c08f45a8,0x00000000c5300000)
 Metaspace       used 20877K, capacity 21166K, committed 21296K, reserved 1067008K
  class space    used 2986K, capacity 3099K, committed 3120K, reserved 1048576K
Event: 3.773 GC heap after
Heap after GC invocations=7 (full 1):
 PSYoungGen      total 74240K, used 0K [0x00000000eab00000, 0x00000000efe00000, 0x0000000100000000)
  eden space 63488K, 0% used [0x00000000eab00000,0x00000000eab00000,0x00000000ee900000)
  from space 10752K, 0% used [0x00000000ef380000,0x00000000ef380000,0x00000000efe00000)
  to   space 10752K, 0% used [0x00000000ee900000,0x00000000ee900000,0x00000000ef380000)
 ParOldGen       total 46592K, used 6981K [0x00000000c0000000, 0x00000000c2d80000, 0x00000000eab00000)
  object space 46592K, 14% used [0x00000000c0000000,0x00000000c06d17a8,0x00000000c2d80000)
 Metaspace       used 20877K, capacity 21166K, committed 21296K, reserved 1067008K
  class space    used 2986K, capacity 3099K, committed 3120K, reserved 1048576K
}
Event: 4.739 GC heap before
{Heap before GC invocations=8 (full 1):
 PSYoungGen      total 74240K, used 63488K [0x00000000eab00000, 0x00000000efe00000, 0x0000000100000000)
  eden space 63488K, 100% used [0x00000000eab00000,0x00000000ee900000,0x00000000ee900000)
  from space 10752K, 0% used [0x00000000ef380000,0x00000000ef380000,0x00000000efe00000)
  to   space 10752K, 0% used [0x00000000ee900000,0x00000000ee900000,0x00000000ef380000)
 ParOldGen       total 46592K, used 6981K [0x00000000c0000000, 0x00000000c2d80000, 0x00000000eab00000)
  object space 46592K, 14% used [0x00000000c0000000,0x00000000c06d17a8,0x00000000c2d80000)
 Metaspace       used 26553K, capacity 26820K, committed 27184K, reserved 1073152K
  class space    used 3694K, capacity 3850K, committed 3888K, reserved 1048576K
Event: 4.749 GC heap after
Heap after GC invocations=8 (full 1):
 PSYoungGen      total 74240K, used 6721K [0x00000000eab00000, 0x00000000f3600000, 0x0000000100000000)
  eden space 63488K, 0% used [0x00000000eab00000,0x00000000eab00000,0x00000000ee900000)
  from space 10752K, 62% used [0x00000000ee900000,0x00000000eef904f0,0x00000000ef380000)
  to   space 10240K, 0% used [0x00000000f2c00000,0x00000000f2c00000,0x00000000f3600000)
 ParOldGen       total 46592K, used 6989K [0x00000000c0000000, 0x00000000c2d80000, 0x00000000eab00000)
  object space 46592K, 15% used [0x00000000c0000000,0x00000000c06d37a8,0x00000000c2d80000)
 Metaspace       used 26553K, capacity 26820K, committed 27184K, reserved 1073152K
  class space    used 3694K, capacity 3850K, committed 3888K, reserved 1048576K
}
Event: 5.481 GC heap before
{Heap before GC invocations=9 (full 1):
 PSYoungGen      total 74240K, used 70209K [0x00000000eab00000, 0x00000000f3600000, 0x0000000100000000)
  eden space 63488K, 100% used [0x00000000eab00000,0x00000000ee900000,0x00000000ee900000)
  from space 10752K, 62% used [0x00000000ee900000,0x00000000eef904f0,0x00000000ef380000)
  to   space 10240K, 0% used [0x00000000f2c00000,0x00000000f2c00000,0x00000000f3600000)
 ParOldGen       total 46592K, used 6989K [0x00000000c0000000, 0x00000000c2d80000, 0x00000000eab00000)
  object space 46592K, 15% used [0x00000000c0000000,0x00000000c06d37a8,0x00000000c2d80000)
 Metaspace       used 29893K, capacity 30198K, committed 30512K, reserved 1075200K
  class space    used 4251K, capacity 4400K, committed 4400K, reserved 1048576K
Event: 5.492 GC heap after
Heap after GC invocations=9 (full 1):
 PSYoungGen      total 130048K, used 7852K [0x00000000eab00000, 0x00000000f3500000, 0x0000000100000000)
  eden space 120832K, 0% used [0x00000000eab00000,0x00000000eab00000,0x00000000f2100000)
  from space 9216K, 85% used [0x00000000f2c00000,0x00000000f33ab1c0,0x00000000f3500000)
  to   space 10240K, 0% used [0x00000000f2100000,0x00000000f2100000,0x00000000f2b00000)
 ParOldGen       total 46592K, used 6997K [0x00000000c0000000, 0x00000000c2d80000, 0x00000000eab00000)
  object space 46592K, 15% used [0x00000000c0000000,0x00000000c06d57a8,0x00000000c2d80000)
 Metaspace       used 29893K, capacity 30198K, committed 30512K, reserved 1075200K
  class space    used 4251K, capacity 4400K, committed 4400K, reserved 1048576K
}
Event: 6.757 GC heap before
{Heap before GC invocations=10 (full 1):
 PSYoungGen      total 130048K, used 59894K [0x00000000eab00000, 0x00000000f3500000, 0x0000000100000000)
  eden space 120832K, 43% used [0x00000000eab00000,0x00000000eddd26f0,0x00000000f2100000)
  from space 9216K, 85% used [0x00000000f2c00000,0x00000000f33ab1c0,0x00000000f3500000)
  to   space 10240K, 0% used [0x00000000f2100000,0x00000000f2100000,0x00000000f2b00000)
 ParOldGen       total 46592K, used 6997K [0x00000000c0000000, 0x00000000c2d80000, 0x00000000eab00000)
  object space 46592K, 15% used [0x00000000c0000000,0x00000000c06d57a8,0x00000000c2d80000)
 Metaspace       used 34748K, capacity 35318K, committed 35496K, reserved 1079296K
  class space    used 4936K, capacity 5147K, committed 5168K, reserved 1048576K
Event: 6.786 GC heap after
Heap after GC invocations=10 (full 1):
 PSYoungGen      total 131072K, used 10225K [0x00000000eab00000, 0x00000000f7680000, 0x0000000100000000)
  eden space 120832K, 0% used [0x00000000eab00000,0x00000000eab00000,0x00000000f2100000)
  from space 10240K, 99% used [0x00000000f2100000,0x00000000f2afc4d8,0x00000000f2b00000)
  to   space 11776K, 0% used [0x00000000f6b00000,0x00000000f6b00000,0x00000000f7680000)
 ParOldGen       total 46592K, used 7739K [0x00000000c0000000, 0x00000000c2d80000, 0x00000000eab00000)
  object space 46592K, 16% used [0x00000000c0000000,0x00000000c078ed90,0x00000000c2d80000)
 Metaspace       used 34748K, capacity 35318K, committed 35496K, reserved 1079296K
  class space    used 4936K, capacity 5147K, committed 5168K, reserved 1048576K
}
Event: 6.786 GC heap before
{Heap before GC invocations=11 (full 2):
 PSYoungGen      total 131072K, used 10225K [0x00000000eab00000, 0x00000000f7680000, 0x0000000100000000)
  eden space 120832K, 0% used [0x00000000eab00000,0x00000000eab00000,0x00000000f2100000)
  from space 10240K, 99% used [0x00000000f2100000,0x00000000f2afc4d8,0x00000000f2b00000)
  to   space 11776K, 0% used [0x00000000f6b00000,0x00000000f6b00000,0x00000000f7680000)
 ParOldGen       total 46592K, used 7739K [0x00000000c0000000, 0x00000000c2d80000, 0x00000000eab00000)
  object space 46592K, 16% used [0x00000000c0000000,0x00000000c078ed90,0x00000000c2d80000)
 Metaspace       used 34748K, capacity 35318K, committed 35496K, reserved 1079296K
  class space    used 4936K, capacity 5147K, committed 5168K, reserved 1048576K
Event: 6.878 GC heap after
Heap after GC invocations=11 (full 2):
 PSYoungGen      total 131072K, used 0K [0x00000000eab00000, 0x00000000f7680000, 0x0000000100000000)
  eden space 120832K, 0% used [0x00000000eab00000,0x00000000eab00000,0x00000000f2100000)
  from space 10240K, 0% used [0x00000000f2100000,0x00000000f2100000,0x00000000f2b00000)
  to   space 11776K, 0% used [0x00000000f6b00000,0x00000000f6b00000,0x00000000f7680000)
 ParOldGen       total 63488K, used 17605K [0x00000000c0000000, 0x00000000c3e00000, 0x00000000eab00000)
  object space 63488K, 27% used [0x00000000c0000000,0x00000000c11316e8,0x00000000c3e00000)
 Metaspace       used 34748K, capacity 35318K, committed 35496K, reserved 1079296K
  class space    used 4936K, capacity 5147K, committed 5168K, reserved 1048576K
}

